[05:32:23] ============================================================
[05:32:23] Auto-sync 启动
[05:32:23] 源仓库数: 4
[05:32:23] 本地 tracked 文件: 201 个
[05:32:23] ━━━ 同步: Jonnyan404/cloud-clipboard-go/openwrt/luci-app-cloud-clipboard → luci-app-cloud-clipboard/ ━━━
[05:32:23]   Jonnyan404/cloud-clipboard-go 默认分支: main
[05:32:23]   openwrt/luci-app-cloud-clipboard: 12 个文件
[05:32:23]   小计: +0 ~0 -0 错误:0
[05:32:23] ━━━ 同步: Openwrt-Passwall/openwrt-passwall/luci-app-passwall → luci-app-passwall/ ━━━
[05:32:24]   Openwrt-Passwall/openwrt-passwall 默认分支: main
[05:32:24]   luci-app-passwall: 119 个文件
[05:32:24]   ~ 更新: luci-app-passwall/luasrc/passwall/util_xray.lua
[05:32:24]   小计: +0 ~1 -0 错误:0
[05:32:24] ━━━ 同步: eamonxg/luci-theme-aurora/(root) → luci-theme-aurora/ ━━━
[05:32:25]   eamonxg/luci-theme-aurora 默认分支: master
[05:32:25]   (root): 28 个文件 (排除 8 项)
[05:32:25]   小计: +0 ~0 -0 错误:0
[05:32:25] ━━━ 同步: eamonxg/luci-app-aurora-config/(root) → luci-app-aurora-config/ ━━━
[05:32:25]   eamonxg/luci-app-aurora-config 默认分支: master
[05:32:26]   (root): 38 个文件 (排除 7 项)
[05:32:26]   小计: +0 ~0 -0 错误:0
[05:32:26] 
[05:32:26] ━━━ 汇总 ━━━
[05:32:26]   新增: 0
[05:32:26]   更新: 1
[05:32:26]   删除: 0
[05:32:26]   错误: 0
